<?xml version="1.0" encoding="UTF-8"?>
<!-- Generated by org.testng.reporters.JUnitReportReporter -->
<testsuite hostname="DESKTOP-KULPECS" failures="0" tests="2" name="loginTestcases.DataDrivenUsingPOI" time="0.911" errors="0" timestamp="2022-06-09T20:03:41 IST" skipped="0">
  <testcase classname="loginTestcases.DataDrivenUsingPOI" name="readExcel" time="0.906"/>
  <system-out/>
  <testcase classname="loginTestcases.DataDrivenUsingPOI" name="execute" time="0.005"/>
  <system-out/>
</testsuite> <!-- loginTestcases.DataDrivenUsingPOI -->
